[    0.000000] Linux version 4.15.0-173-generic (buildd@lcy02-amd64-094) (gcc version 7.5.0 (Ubuntu 7.5.0-3ubuntu1~18.04)) #182-Ubuntu SMP Fri Mar 18 15:53:46 UTC 2022 (Ubuntu 4.15.0-173.182-generic 4.15.18)
[    0.000000] Command line: BOOT_IMAGE=/boot/vmlinuz-4.15.0-173-generic root=UUID=43a523e3-69a2-4c62-af13-5dbc7889b19a ro console=tty1 console=ttyS0
[    0.000000] KERNEL supported cpus:
[    0.000000]   Intel GenuineIntel
[    0.000000]   AMD AuthenticAMD
[    0.000000]   Centaur CentaurHauls
[    0.000000] x86/fpu: Supporting XSAVE feature 0x001: 'x87 floating point registers'
[    0.000000] x86/fpu: Supporting XSAVE feature 0x002: 'SSE registers'
[    0.000000] x86/fpu: Enabled xstate features 0x3, context size is 576 bytes, using 'standard' format.
[    0.000000] e820: BIOS-provided physical RAM map:
[    0.000000] BIOS-e820: [mem 0x0000000000000000-0x000000000009fbff] usable
[    0.000000] BIOS-e820: [mem 0x000000000009fc00-0x000000000009ffff] reserved
[    0.000000] BIOS-e820: [mem 0x00000000000f0000-0x00000000000fffff] reserved
[    0.000000] BIOS-e820: [mem 0x0000000000100000-0x000000003ffeffff] usable
[    0.000000] BIOS-e820: [mem 0x000000003fff0000-0x000000003fffffff] ACPI data
[    0.000000] BIOS-e820: [mem 0x00000000fec00000-0x00000000fec00fff] reserved
[    0.000000] BIOS-e820: [mem 0x00000000fee00000-0x00000000fee00fff] reserved
[    0.000000] BIOS-e820: [mem 0x00000000fffc0000-0x00000000ffffffff] reserved
[    0.000000] NX (Execute Disable) protection: active
[    0.000000] SMBIOS 2.5 present.
[    0.000000] DMI: innotek GmbH VirtualBox/VirtualBox, BIOS VirtualBox 12/01/2006
[    0.000000] Hypervisor detected: KVM
[    0.000000] e820: last_pfn = 0x3fff0 max_arch_pfn = 0x400000000
[    0.000000] MTRR: Disabled
[    0.000000] x86/PAT: MTRRs disabled, skipping PAT initialization too.
[    0.000000] CPU MTRRs all blank - virtualized system.
[    0.000000] x86/PAT: Configuration [0-7]: WB  WT  UC- UC  WB  WT  UC- UC  
[    0.000000] found SMP MP-table at [mem 0x0009fff0-0x0009ffff]
[    0.000000] Scanning 1 areas for low memory corruption
[    0.000000] RAMDISK: [mem 0x3581d000-0x36c05fff]
[    0.000000] ACPI: Early table checksum verification disabled
[    0.000000] ACPI: RSDP 0x00000000000E0000 000024 (v02 VBOX  )
[    0.000000] ACPI: XSDT 0x000000003FFF0030 00003C (v01 VBOX   VBOXXSDT 00000001 ASL  00000061)
[    0.000000] ACPI: FACP 0x000000003FFF00F0 0000F4 (v04 VBOX   VBOXFACP 00000001 ASL  00000061)
[    0.000000] ACPI: DSDT 0x000000003FFF0470 002325 (v02 VBOX   VBOXBIOS 00000002 INTL 20100528)
[    0.000000] ACPI: FACS 0x000000003FFF0200 000040
[    0.000000] ACPI: FACS 0x000000003FFF0200 000040
[    0.000000] ACPI: APIC 0x000000003FFF0240 00005C (v02 VBOX   VBOXAPIC 00000001 ASL  00000061)
[    0.000000] ACPI: SSDT 0x000000003FFF02A0 0001CC (v01 VBOX   VBOXCPUT 00000002 INTL 20100528)
[    0.000000] ACPI: Reserving FACP table memory at [mem 0x3fff00f0-0x3fff01e3]
[    0.000000] ACPI: Reserving DSDT table memory at [mem 0x3fff0470-0x3fff2794]
[    0.000000] ACPI: Reserving FACS table memory at [mem 0x3fff0200-0x3fff023f]
[    0.000000] ACPI: Reserving FACS table memory at [mem 0x3fff0200-0x3fff023f]
[    0.000000] ACPI: Reserving APIC table memory at [mem 0x3fff0240-0x3fff029b]
[    0.000000] ACPI: Reserving SSDT table memory at [mem 0x3fff02a0-0x3fff046b]
[    0.000000] No NUMA configuration found
[    0.000000] Faking a node at [mem 0x0000000000000000-0x000000003ffeffff]
[    0.000000] NODE_DATA(0) allocated [mem 0x3ffc5000-0x3ffeffff]
[    0.000000] kvm-clock: cpu 0, msr 0:3ff44001, primary cpu clock
[    0.000000] kvm-clock: Using msrs 4b564d01 and 4b564d00
[    0.000000] kvm-clock: using sched offset of 4504103297 cycles
[    0.000000] clocksource: kvm-clock: mask: 0xffffffffffffffff max_cycles: 0x1cd42e4dffb, max_idle_ns: 881590591483 ns
[    0.000000] Zone ranges:
[    0.000000]   DMA      [mem 0x0000000000001000-0x0000000000ffffff]
[    0.000000]   DMA32    [mem 0x0000000001000000-0x000000003ffeffff]
[    0.000000]   Normal   empty
[    0.000000]   Device   empty
[    0.000000] Movable zone start for each node
[    0.000000] Early memory node ranges
[    0.000000]   node   0: [mem 0x0000000000001000-0x000000000009efff]
[    0.000000]   node   0: [mem 0x0000000000100000-0x000000003ffeffff]
[    0.000000] Reserved but unavailable: 104 pages
[    0.000000] Initmem setup node 0 [mem 0x0000000000001000-0x000000003ffeffff]
[    0.000000] ACPI: PM-Timer IO Port: 0x4008
[    0.000000] IOAPIC[0]: apic_id 2, version 32, address 0xfec00000, GSI 0-23
[    0.000000] ACPI: INT_SRC_OVR (bus 0 bus_irq 0 global_irq 2 dfl dfl)
[    0.000000] ACPI: INT_SRC_OVR (bus 0 bus_irq 9 global_irq 9 low level)
[    0.000000] Using ACPI (MADT) for SMP configuration information
[    0.000000] smpboot: Allowing 2 CPUs, 0 hotplug CPUs
[    0.000000] PM: Registered nosave memory: [mem 0x00000000-0x00000fff]
[    0.000000] PM: Registered nosave memory: [mem 0x0009f000-0x0009ffff]
[    0.000000] PM: Registered nosave memory: [mem 0x000a0000-0x000effff]
[    0.000000] PM: Registered nosave memory: [mem 0x000f0000-0x000fffff]
[    0.000000] e820: [mem 0x40000000-0xfebfffff] available for PCI devices
[    0.000000] Booting paravirtualized kernel on KVM
[    0.000000] clocksource: refined-jiffies: mask: 0xffffffff max_cycles: 0xffffffff, max_idle_ns: 7645519600211568 ns
[    0.000000] random: get_random_bytes called from start_kernel+0x99/0x500 with crng_init=0
[    0.000000] setup_percpu: NR_CPUS:8192 nr_cpumask_bits:2 nr_cpu_ids:2 nr_node_ids:1
[    0.000000] percpu: Embedded 50 pages/cpu s167936 r8192 d28672 u1048576
[    0.000000] PV qspinlock hash table entries: 256 (order: 0, 4096 bytes)
[    0.000000] Built 1 zonelists, mobility grouping on.  Total pages: 257913
[    0.000000] Policy zone: DMA32
[    0.000000] Kernel command line: BOOT_IMAGE=/boot/vmlinuz-4.15.0-173-generic root=UUID=43a523e3-69a2-4c62-af13-5dbc7889b19a ro console=tty1 console=ttyS0
[    0.000000] Memory: 981788K/1048120K available (12300K kernel code, 2484K rwdata, 4324K rodata, 2468K init, 2724K bss, 66332K reserved, 0K cma-reserved)
[    0.000000] SLUB: HWalign=64, Order=0-3, MinObjects=0, CPUs=2, Nodes=1
[    0.000000] Kernel/User page tables isolation: enabled
[    0.000000] ftrace: allocating 39503 entries in 155 pages
[    0.004000] Hierarchical RCU implementation.
[    0.004000] 	RCU restricting CPUs from NR_CPUS=8192 to nr_cpu_ids=2.
[    0.004000] 	Tasks RCU enabled.
[    0.004000] RCU: Adjusting geometry for rcu_fanout_leaf=16, nr_cpu_ids=2
[    0.004000] NR_IRQS: 524544, nr_irqs: 440, preallocated irqs: 16
[    0.004000] Console: colour VGA+ 80x25
[    0.004000] console [tty1] enabled
[    0.004000] console [ttyS0] enabled
[    0.004000] ACPI: Core revision 20170831
[    0.004000] ACPI: 2 ACPI AML tables successfully acquired and loaded
[    0.004000] APIC: Switch to symmetric I/O mode setup
[    0.004000] x2apic enabled
[    0.004008] Switched APIC routing to physical x2apic.
[    0.008000] ..TIMER: vector=0x30 apic1=0 pin1=2 apic2=-1 pin2=-1
[    0.008004] tsc: Detected 2993.070 MHz processor
[    0.009675] Calibrating delay loop (skipped) preset value.. 5986.14 BogoMIPS (lpj=11972280)
[    0.012004] pid_max: default: 32768 minimum: 301
[    0.013788] Security Framework initialized
[    0.016004] Yama: becoming mindful.
[    0.017373] AppArmor: AppArmor initialized
[    0.020082] Dentry cache hash table entries: 131072 (order: 8, 1048576 bytes)
[    0.022652] Inode-cache hash table entries: 65536 (order: 7, 524288 bytes)
[    0.024023] Mount-cache hash table entries: 2048 (order: 2, 16384 bytes)
[    0.026372] Mountpoint-cache hash table entries: 2048 (order: 2, 16384 bytes)
[    0.028544] Last level iTLB entries: 4KB 1024, 2MB 1024, 4MB 1024
[    0.032004] Last level dTLB entries: 4KB 1024, 2MB 1024, 4MB 1024, 1GB 4
[    0.034484] Spectre V1 : Mitigation: usercopy/swapgs barriers and __user pointer sanitization
[    0.036005] Spectre V2 : Mitigation: Retpolines
[    0.037658] Spectre V2 : Spectre v2 / SpectreRSB mitigation: Filling RSB on context switch
[    0.040003] Speculative Store Bypass: Vulnerable
[    0.044048] SRBDS: Unknown: Dependent on hypervisor status
[    0.048004] MDS: Mitigation: Clear CPU buffers
[    0.050062] Freeing SMP alternatives memory: 36K
[    0.162434] smpboot: CPU0: Intel(R) Pentium(R) CPU G3220 @ 3.00GHz (family: 0x6, model: 0x3c, stepping: 0x3)
[    0.164000] Performance Events: unsupported p6 CPU model 60 no PMU driver, software events only.
[    0.164066] Hierarchical SRCU implementation.
[    0.168823] NMI watchdog: Perf event create on CPU 0 failed with -2
[    0.171062] NMI watchdog: Perf NMI watchdog permanently disabled
[    0.172094] smp: Bringing up secondary CPUs ...
[    0.176160] x86: Booting SMP configuration:
[    0.177803] .... node  #0, CPUs:      #1
[    0.004000] kvm-clock: cpu 1, msr 0:3ff44041, secondary cpu clock
[    0.191536] smp: Brought up 1 node, 2 CPUs
[    0.192007] smpboot: Max logical packages: 1
[    0.193680] smpboot: Total of 2 processors activated (11972.28 BogoMIPS)
[    0.196182] devtmpfs: initialized
[    0.197389] x86/mm: Memory block size: 128MB
[    0.200433] evm: security.selinux
[    0.201725] evm: security.SMACK64
[    0.204004] evm: security.SMACK64EXEC
[    0.205651] evm: security.SMACK64TRANSMUTE
[    0.207176] evm: security.SMACK64MMAP
[    0.208003] evm: security.apparmor
[    0.209328] evm: security.ima
[    0.210560] evm: security.capability
[    0.212089] clocksource: jiffies: mask: 0xffffffff max_cycles: 0xffffffff, max_idle_ns: 7645041785100000 ns
[    0.216029] futex hash table entries: 512 (order: 3, 32768 bytes)
[    0.218244] pinctrl core: initialized pinctrl subsystem
[    0.220710] RTC time:  5:32:51, date: 04/13/22
[    0.222637] NET: Registered protocol family 16
[    0.224244] audit: initializing netlink subsys (disabled)
[    0.226200] audit: type=2000 audit(1649827977.146:1): state=initialized audit_enabled=0 res=1
[    0.228047] cpuidle: using governor ladder
[    0.232010] cpuidle: using governor menu
[    0.233568] ACPI: bus type PCI registered
[    0.236005] acpiphp: ACPI Hot Plug PCI Controller Driver version: 0.5
[    0.238702] PCI: Using configuration type 1 for base access
[    0.241127] HugeTLB registered 2.00 MiB page size, pre-allocated 0 pages
[    0.244218] ACPI: Added _OSI(Module Device)
[    0.248007] ACPI: Added _OSI(Processor Device)
[    0.249831] ACPI: Added _OSI(3.0 _SCP Extensions)
[    0.251546] ACPI: Added _OSI(Processor Aggregator Device)
[    0.252005] ACPI: Added _OSI(Linux-Dell-Video)
[    0.253794] ACPI: Added _OSI(Linux-Lenovo-NV-HDMI-Audio)
[    0.256004] ACPI: Added _OSI(Linux-HPI-Hybrid-Graphics)
[    0.258379] ACPI: Executed 1 blocks of module-level executable AML code
[    0.275414] ACPI: Interpreter enabled
[    0.276032] ACPI: (supports S0 S5)
[    0.277348] ACPI: Using IOAPIC for interrupt routing
[    0.280429] PCI: Using host bridge windows from ACPI; if necessary, use "pci=nocrs" and report a bug
[    0.284458] ACPI: Enabled 2 GPEs in block 00 to 07
[    0.306985] ACPI: PCI Root Bridge [PCI0] (domain 0000 [bus 00-ff])
[    0.308016] acpi PNP0A03:00: _OSC: OS supports [ASPM ClockPM Segments MSI]
[    0.314117] acpi PNP0A03:00: _OSC: not requesting OS control; OS requires [ExtendedConfig ASPM ClockPM MSI]
[    0.316032] acpi PNP0A03:00: fail to add MMCONFIG information, can't access extended PCI configuration space under this bridge.
[    0.321121] PCI host bridge to bus 0000:00
[    0.324006] pci_bus 0000:00: root bus resource [io  0x0000-0x0cf7 window]
[    0.326589] pci_bus 0000:00: root bus resource [io  0x0d00-0xffff window]
[    0.328006] pci_bus 0000:00: root bus resource [mem 0x000a0000-0x000bffff window]
[    0.332005] pci_bus 0000:00: root bus resource [mem 0x40000000-0xfdffffff window]
[    0.336006] pci_bus 0000:00: root bus resource [bus 00-ff]
[    0.344389] pci 0000:00:01.1: legacy IDE quirk: reg 0x10: [io  0x01f0-0x01f7]
[    0.346919] pci 0000:00:01.1: legacy IDE quirk: reg 0x14: [io  0x03f6]
[    0.348006] pci 0000:00:01.1: legacy IDE quirk: reg 0x18: [io  0x0170-0x0177]
[    0.350526] pci 0000:00:01.1: legacy IDE quirk: reg 0x1c: [io  0x0376]
[    0.373923] pci 0000:00:07.0: quirk: [io  0x4000-0x403f] claimed by PIIX4 ACPI
[    0.376023] pci 0000:00:07.0: quirk: [io  0x4100-0x410f] claimed by PIIX4 SMB
[    0.390581] ACPI: PCI Interrupt Link [LNKA] (IRQs 5 9 10 *11)
[    0.393152] ACPI: PCI Interrupt Link [LNKB] (IRQs 5 9 *10 11)
[    0.396310] ACPI: PCI Interrupt Link [LNKC] (IRQs 5 *9 10 11)
[    0.398653] ACPI: PCI Interrupt Link [LNKD] (IRQs 5 9 10 *11)
[    0.400626] SCSI subsystem initialized
[    0.402140] pci 0000:00:02.0: vgaarb: setting as boot VGA device
[    0.402184] pci 0000:00:02.0: vgaarb: VGA device added: decodes=io+mem,owns=io+mem,locks=none
[    0.404015] pci 0000:00:02.0: vgaarb: bridge control possible
[    0.406056] vgaarb: loaded
[    0.408047] ACPI: bus type USB registered
[    0.409636] usbcore: registered new interface driver usbfs
[    0.411641] usbcore: registered new interface driver hub
[    0.412017] usbcore: registered new device driver usb
[    0.413985] EDAC MC: Ver: 3.0.0
[    0.416366] PCI: Using ACPI for IRQ routing
[    0.418032] NetLabel: Initializing
[    0.420004] NetLabel:  domain hash size = 128
[    0.421625] NetLabel:  protocols = UNLABELED CIPSOv4 CALIPSO
[    0.424030] NetLabel:  unlabeled traffic allowed by default
[    0.426113] clocksource: Switched to clocksource kvm-clock
[    0.456823] VFS: Disk quotas dquot_6.6.0
[    0.458368] VFS: Dquot-cache hash table entries: 512 (order 0, 4096 bytes)
[    0.461010] AppArmor: AppArmor Filesystem Enabled
[    0.462772] pnp: PnP ACPI init
[    0.466766] pnp: PnP ACPI: found 3 devices
[    0.476656] clocksource: acpi_pm: mask: 0xffffff max_cycles: 0xffffff, max_idle_ns: 2085701024 ns
[    0.480037] NET: Registered protocol family 2
[    0.481914] IP idents hash table entries: 16384 (order: 5, 131072 bytes)
[    0.485048] TCP established hash table entries: 8192 (order: 4, 65536 bytes)
[    0.487540] TCP bind hash table entries: 8192 (order: 5, 131072 bytes)
[    0.490035] TCP: Hash tables configured (established 8192 bind 8192)
[    0.492520] UDP hash table entries: 512 (order: 2, 16384 bytes)
[    0.494617] UDP-Lite hash table entries: 512 (order: 2, 16384 bytes)
[    0.496904] NET: Registered protocol family 1
[    0.498514] pci 0000:00:00.0: Limiting direct PCI/PCI transfers
[    0.500641] pci 0000:00:01.0: Activating ISA DMA hang workarounds
[    0.503037] pci 0000:00:02.0: Video device with shadowed ROM at [mem 0x000c0000-0x000dffff]
[    0.506335] Unpacking initramfs...
[    1.186479] Freeing initrd memory: 20388K
[    1.188078] clocksource: tsc: mask: 0xffffffffffffffff max_cycles: 0x2b24b2f33fe, max_idle_ns: 440795351777 ns
[    1.191953] platform rtc_cmos: registered platform RTC device (no PNP device found)
[    1.194881] Scanning for low memory corruption every 60 seconds
[    1.197764] Initialise system trusted keyrings
[    1.199411] Key type blacklist registered
[    1.200986] workingset: timestamp_bits=36 max_order=18 bucket_order=0
[    1.206505] zbud: loaded
[    1.208239] squashfs: version 4.0 (2009/01/31) Phillip Lougher
[    1.210591] fuse init (API version 7.26)
[    1.214432] Key type asymmetric registered
[    1.216080] Asymmetric key parser 'x509' registered
[    1.217901] Block layer SCSI generic (bsg) driver version 0.4 loaded (major 246)
[    1.220703] io scheduler noop registered
[    1.222202] io scheduler deadline registered
[    1.224092] io scheduler cfq registered (default)
[    1.226228] ACPI: AC Adapter [AC] (on-line)
[    1.227894] input: Power Button as /devices/LNXSYSTM:00/LNXPWRBN:00/input/input0
[    1.230870] ACPI: Power Button [PWRF]
[    1.232488] input: Sleep Button as /devices/LNXSYSTM:00/LNXSLPBN:00/input/input1
[    1.235282] ACPI: Sleep Button [SLPF]
[    1.237230] Serial: 8250/16550 driver, 32 ports, IRQ sharing enabled
[    1.261068] 00:02: ttyS0 at I/O 0x3f8 (irq = 4, base_baud = 115200) is a 16550A
[    1.266308] Linux agpgart interface v0.103
[    1.269386] loop: module loaded
[    1.271672] scsi host0: ata_piix
[    1.273264] scsi host1: ata_piix
[    1.274727] ata1: PATA max UDMA/33 cmd 0x1f0 ctl 0x3f6 bmdma 0xd000 irq 14
[    1.277163] ata2: PATA max UDMA/33 cmd 0x170 ctl 0x376 bmdma 0xd008 irq 15
[    1.280002] tun: Universal TUN/TAP device driver, 1.6
[    1.282058] PPP generic driver version 2.4.2
[    1.283808] ehci_hcd: USB 2.0 'Enhanced' Host Controller (EHCI) Driver
[    1.286291] ehci-pci: EHCI PCI platform driver
[    1.287937] ehci-platform: EHCI generic platform driver
[    1.289908] ohci_hcd: USB 1.1 'Open' Host Controller (OHCI) Driver
[    1.292048] ohci-pci: OHCI PCI platform driver
[    1.293775] ohci-platform: OHCI generic platform driver
[    1.295763] uhci_hcd: USB Universal Host Controller Interface driver
[    1.298132] i8042: PNP: PS/2 Controller [PNP0303:PS2K,PNP0f03:PS2M] at 0x60,0x64 irq 1,12
[    1.302026] serio: i8042 KBD port at 0x60,0x64 irq 1
[    1.303993] serio: i8042 AUX port at 0x60,0x64 irq 12
[    1.306264] mousedev: PS/2 mouse device common for all mice
[    1.309125] input: AT Translated Set 2 keyboard as /devices/platform/i8042/serio0/input/input2
[    1.312519] rtc_cmos rtc_cmos: rtc core: registered rtc_cmos as rtc0
[    1.315161] rtc_cmos rtc_cmos: alarms up to one day, 114 bytes nvram
[    1.317514] i2c /dev entries driver
[    1.318941] device-mapper: uevent: version 1.0.3
[    1.320788] device-mapper: ioctl: 4.37.0-ioctl (2017-09-20) initialised: dm-devel@redhat.com
[    1.323968] ledtrig-cpu: registered to indicate activity on CPUs
[    1.326621] NET: Registered protocol family 10
[    1.333245] Segment Routing with IPv6
[    1.334778] NET: Registered protocol family 17
[    1.336567] Key type dns_resolver registered
[    1.338363] mce: Using 0 MCE banks
[    1.339696] RAS: Correctable Errors collector initialized.
[    1.341742] sched_clock: Marking stable (1341715401, 0)->(1721477697, -379762296)
[    1.345456] registered taskstats version 1
[    1.347009] Loading compiled-in X.509 certificates
[    1.351331] Loaded X.509 cert 'Build time autogenerated kernel key: 70c562671a3916277fe5fdc18b24b613b7a6fbd0'
[    1.356207] Loaded X.509 cert 'Canonical Ltd. Live Patch Signing: 14df34d1a87cf37625abec039ef2bf521249b969'
[    1.360788] Loaded X.509 cert 'Canonical Ltd. Kernel Module Signing: 88f752e560a1e0737e31163a466ad7b70a850c19'
[    1.365224] blacklist: Loading compiled-in revocation X.509 certificates
[    1.367621] Loaded X.509 cert 'Canonical Ltd. Secure Boot Signing: 61482aa2830d0ab2ad5af10b7250da9033ddcef0'
[    1.371237] zswap: loaded using pool lzo/zbud
[    1.382513] Key type big_key registered
[    1.384255] Key type trusted registered
[    1.387476] Key type encrypted registered
[    1.389024] AppArmor: AppArmor sha1 policy hashing enabled
[    1.391225] ima: No TPM chip found, activating TPM-bypass! (rc=-19)
[    1.393472] ima: Allocated hash algorithm: sha1
[    1.395312] evm: HMAC attrs: 0x1
[    1.397019]   Magic number: 2:968:516
[    1.398557] rtc_cmos rtc_cmos: setting system clock to 2022-04-13 05:32:52 UTC (1649827972)
[    1.401761] BIOS EDD facility v0.16 2004-Jun-25, 0 devices found
[    1.403864] EDD information not available.
[    1.490267] Freeing unused kernel image memory: 2468K
[    2.106966] Write protecting the kernel read-only data: 20480k
[    2.123416] Freeing unused kernel image memory: 2008K
[    2.130480] Freeing unused kernel image memory: 1820K
[    2.183988] x86/mm: Checked W+X mappings: passed, no W+X pages found.
[    2.186473] x86/mm: Checking user space page tables
[    2.224250] x86/mm: Checked W+X mappings: passed, no W+X pages found.
Loading, please wait...
starting version 237
[    2.390874] e1000: Intel(R) PRO/1000 Network Driver - version 7.3.21-k8-NAPI
[    2.397447] e1000: Copyright (c) 1999-2006 Intel Corporation.
[    2.404324] Fusion MPT base driver 3.04.20
[    2.409396] Copyright (c) 1999-2008 LSI Corporation
[    2.461256] Fusion MPT SPI Host driver 3.04.20
[    2.623201] input: ImExPS/2 Generic Explorer Mouse as /devices/platform/i8042/serio1/input/input4
[    2.918573] e1000 0000:00:03.0 eth0: (PCI:33MHz:32-bit) 02:c8:d3:21:ca:c6
[    2.921267] e1000 0000:00:03.0 eth0: Intel(R) PRO/1000 Network Connection
[    2.926401] mptbase: ioc0: Initiating bringup
[    2.928127] e1000 0000:00:03.0 enp0s3: renamed from eth0
[    3.029187] ioc0: LSI53C1030 A0: Capabilities={Initiator}
[    3.281779] scsi host2: ioc0: LSI53C1030 A0, FwRev=00000000h, Ports=1, MaxQ=256, IRQ=20
[    3.466521] scsi 2:0:0:0: Direct-Access     VBOX     HARDDISK         1.0  PQ: 0 ANSI: 5
[    3.508847] scsi target2:0:0: Beginning Domain Validation
[    3.525143] scsi target2:0:0: Domain Validation skipping write tests
[    3.534717] scsi target2:0:0: Ending Domain Validation
[    3.540055] scsi target2:0:0: asynchronous
[    3.543900] scsi 2:0:1:0: Direct-Access     VBOX     HARDDISK         1.0  PQ: 0 ANSI: 5
[    3.580490] scsi target2:0:1: Beginning Domain Validation
[    3.585676] random: fast init done
[    3.589584] scsi target2:0:1: Domain Validation skipping write tests
[    3.593974] scsi target2:0:1: Ending Domain Validation
[    3.597759] scsi target2:0:1: asynchronous
[    3.610985] random: systemd-udevd: uninitialized urandom read (16 bytes read)
[    3.616169] sd 2:0:0:0: Attached scsi generic sg0 type 0
[    3.616593] sd 2:0:0:0: [sda] 83886080 512-byte logical blocks: (42.9 GB/40.0 GiB)
[    3.620661] random: systemd-udevd: uninitialized urandom read (16 bytes read)
[    3.620672] random: systemd-udevd: uninitialized urandom read (16 bytes read)
[    3.623085] sd 2:0:1:0: Attached scsi generic sg1 type 0
[    3.641825] sd 2:0:0:0: [sda] Write Protect is off
[    3.655294] sd 2:0:0:0: [sda] Incomplete mode parameter data
[    3.655325] sd 2:0:1:0: [sdb] 20480 512-byte logical blocks: (10.5 MB/10.0 MiB)
[    3.657742] sd 2:0:0:0: [sda] Assuming drive cache: write through
[    3.665920] sd 2:0:1:0: [sdb] Write Protect is off
[    3.668192] sd 2:0:1:0: [sdb] Incomplete mode parameter data
[    3.670602] sd 2:0:1:0: [sdb] Assuming drive cache: write through
[    3.673959]  sda: sda1
[    3.676102] sd 2:0:0:0: [sda] Attached SCSI disk
[    3.678647] sd 2:0:1:0: [sdb] Attached SCSI disk
Begin: Loading essential drivers ... [    5.988048] raid6: sse2x1   gen()  2502 MB/s
[    6.036114] raid6: sse2x1   xor()  1720 MB/s
[    6.084046] raid6: sse2x2   gen()  5374 MB/s
[    6.132060] raid6: sse2x2   xor()  2517 MB/s
[    6.180120] raid6: sse2x4   gen()  6053 MB/s
[    6.228124] raid6: sse2x4   xor()  3646 MB/s
[    6.229933] raid6: using algorithm sse2x4 gen() 6053 MB/s
[    6.232036] raid6: .... xor() 3646 MB/s, rmw enabled
[    6.233876] raid6: using ssse3x2 recovery algorithm
[    6.237383] xor: measuring software checksum speed
[    6.276087]    prefetch64-sse: 13045.000 MB/sec
[    6.316189]    generic_sse: 13253.000 MB/sec
[    6.317807] xor: using function: generic_sse (13253.000 MB/sec)
[    6.322942] async_tx: api initialized (async)
done.
Begin: Running /scripts/init-premount ... done.
Begin: Mounting root file system ... Begin: Running /scripts/local-top ... done.
Begin: Running /scripts/local-premount ... [    6.436482] Btrfs loaded, crc32c=crc32c-intel
Scanning for Btrfs filesystems
done.
Begin: Will now check root file system ... fsck from util-linux 2.31.1
[/sbin/fsck.ext4 (1) -- /dev/sda1] fsck.ext4 -a -C0 /dev/sda1 
cloudimg-rootfs: recovering journal
cloudimg-rootfs: clean, 107317/5120000 files, 753777/10485499 blocks
done.
[    6.686412] EXT4-fs (sda1): mounted filesystem with ordered data mode. Opts: (null)
done.
Begin: Running /scripts/local-bottom ... done.
Begin: Running /scripts/init-bottom ... done.
[    6.922848] ip_tables: (C) 2000-2006 Netfilter Core Team
[    6.937248] systemd[1]: systemd 237 running in system mode. (+PAM +AUDIT +SELINUX +IMA +APPARMOR +SMACK +SYSVINIT +UTMP +LIBCRYPTSETUP +GCRYPT +GNUTLS +ACL +XZ +LZ4 +SECCOMP +BLKID +ELFUTILS +KMOD -IDN2 +IDN -PCRE2 default-hierarchy=hybrid)
[    6.945756] systemd[1]: Detected virtualization oracle.
[    6.947733] systemd[1]: Detected architecture x86-64.

Welcome to [1mUbuntu 18.04.6 LTS[0m!

[    6.957950] systemd[1]: Set hostname to <ubuntu-bionic>.
[    7.307162] systemd[1]: Reached target System Time Synchronized.
[[0;32m  OK  [0m] Reached target System Time Synchronized.
[    7.313314] systemd[1]: Created slice System Slice.
[[0;32m  OK  [0m] Created slice System Slice.
[    7.316450] systemd[1]: Listening on Journal Socket (/dev/log).
[[0;32m  OK  [0m] Listening on Journal Socket (/dev/log).
[    7.320822] systemd[1]: Listening on fsck to fsckd communication Socket.
[[0;32m  OK  [0m] Listening on fsck to fsckd communication Socket.
[    7.324789] systemd[1]: Listening on udev Kernel Socket.
[[0;32m  OK  [0m] Listening on udev Kernel Socket.
[    7.328254] systemd[1]: Listening on udev Control Socket.
[[0;32m  OK  [0m] Listening on udev Control Socket.
[[0;32m  OK  [0m] Listening on Network Service Netlink Socket.
[[0;32m  OK  [0m] Listening on Syslog Socket.
[[0;32m  OK  [0m] Listening on Journal Audit Socket.
[[0;32m  OK  [0m] Set up automount Arbitrary Executab…rmats File System Automount Point.
[[0;32m  OK  [0m] Listening on Journal Socket.
         Starting Journal Service...
         Mounting POSIX Message Queue File System...
         Mounting Kernel Debug File System...
         Starting Remount Root and Kernel File Systems...
         Starting udev Coldplug all Devices...
         Starting Uncomplicated firewall...
[[0;32m  OK  [0m] Reached target Swap.
[[0;32m  OK  [0m] Created slice system-serial\x2dgetty.slice.
[[0;32m  OK  [0m] Listening on /dev/initctl Compatibility Named Pipe.
[[0;32m  OK  [0m] Listening on Device-mapper event daemon FIFOs.
         Starting Set the console keyboard layout...
[[0;32m  OK  [0m] Listening on LVM2 metadata daemon socket.
         Starting Monitoring of LVM2 mirrors…ng dmeventd or progress polling...
         Starting Create list of required st…ce nodes for the current kernel...
         Mounting Huge Pages File System...
[[0;32m  OK  [0m] Created slice User and Session Slice.
[[0;32m  OK  [0m] Reached target Slices.
[[0;32m  OK  [0m] Listening on LVM2 poll daemon socket.
[[0;32m  OK  [0m] Reached target User and Group Name Lookups.
[    7.483670] EXT4-fs (sda1): re-mounted. Opts: (null)
         Starting Load Kernel Modules...
[[0;32m  OK  [0m] Started Forward Password Requests to Wall Directory Watch.
[[0;32m  OK  [0m] Started Journal Service.
[[0;32m  OK  [0m] Mounted POSIX Message Queue File System.
[[0;32m  OK  [0m] Mounted Kernel Debug File System.
[[0;32m  OK  [0m] Started Remount Root and Kernel File Systems.
[[0;32m  OK  [0m] Started Uncomplicated firewall.
[[0;32m  OK  [0m] Started Create list of required sta…vice nodes for the current kernel.
[[0;32m  OK  [0m] Mounted Huge Pages File System.
[[0;32m  OK  [0m] Started LVM2 metadata daemon.
         Starting Create Static Device Nodes in /dev...
[    7.540724] Loading iSCSI transport class v2.0-870.
         Starting Load/Save Random Seed...
         Starting Flush Journal to Persistent Storage...
[    7.613103] iscsi: registered transport (tcp)
[[0;32m  OK  [0m] Started udev Coldplug all Devices.
[[0;32m  OK  [0m] Started Monitoring of LVM2 mirrors,…sing dmeventd or progress polling.
[[0;32m  OK  [0m] Started Load/Save Random Seed.
[    7.663441] systemd-journald[383]: Received request to flush runtime journal from PID 1
[[0;32m  OK  [0m] Started Create Static Device Nodes in /dev.
         Starting udev Kernel Device Manager...
[    7.712624] iscsi: registered transport (iser)
[[0;32m  OK  [0m] Started Load Kernel Modules.
         Mounting Kernel Configuration File System...
         Mounting FUSE Control File System...
         Starting Apply Kernel Variables...
[[0;32m  OK  [0m] Mounted FUSE Control File System.
[[0;32m  OK  [0m] Mounted Kernel Configuration File System.
[[0;32m  OK  [0m] Started udev Kernel Device Manager.
[[0;32m  OK  [0m] Started Apply Kernel Variables.
[[0;32m  OK  [0m] Started Flush Journal to Persistent Storage.
[[0;32m  OK  [0m] Found device /dev/ttyS0.
[[0;32m  OK  [0m] Listening on Load/Save RF Kill Switch Status /dev/rfkill Watch.
[[0;32m  OK  [0m] Started Set the console keyboard layout.
[[0;32m  OK  [0m] Reached target Local File Systems (Pre).
[[0;32m  OK  [0m] Reached target Local File Systems.
         Starting AppArmor initialization...
         Starting Create Volatile Files and Directories...
         Starting Set console font and keymap...
         Starting Tell Plymouth To Write Out Runtime Data...
         Starting ebtables ruleset management...
[[0;32m  OK  [0m] Started Dispatch Password Requests to Console Directory Watch.
[[0;32m  OK  [0m] Reached target Local Encrypted Volumes.
[[0;32m  OK  [0m] Started Set console font and keymap.
[[0;32m  OK  [0m] Started Tell Plymouth To Write Out Runtime Data.
[[0;32m  OK  [0m] Started Create Volatile Files and Directories.
         Starting Update UTMP about System Boot/Shutdown...
[[0;32m  OK  [0m] Started Update UTMP about System Boot/Shutdown.
[[0;32m  OK  [0m] Started ebtables ruleset management.
[[0;32m  OK  [0m] Started AppArmor initialization.
         Starting Load AppArmor profiles managed internally by snapd...
         Starting Initial cloud-init job (pre-networking)...
[[0;32m  OK  [0m] Started Load AppArmor profiles managed internally by snapd.
[   12.313334] cloud-init[627]: Cloud-init v. 21.4-0ubuntu1~18.04.1 running 'init-local' at Wed, 13 Apr 2022 05:33:03 +0000. Up 11.92 seconds.
[[0;32m  OK  [0m] Started Initial cloud-init job (pre-networking).
[[0;32m  OK  [0m] Reached target Network (Pre).
         Starting Network Service...
[[0;32m  OK  [0m] Started Network Service.
         Starting Network Name Resolution...
         Starting Wait for Network to be Configured...
[[0;32m  OK  [0m] Started Network Name Resolution.
[[0;32m  OK  [0m] Reached target Network.
[[0;32m  OK  [0m] Reached target Host and Network Name Lookups.
[[0;32m  OK  [0m] Started Wait for Network to be Configured.
         Starting Initial cloud-init job (metadata service crawler)...
[   15.488568] cloud-init[729]: Cloud-init v. 21.4-0ubuntu1~18.04.1 running 'init' at Wed, 13 Apr 2022 05:33:06 +0000. Up 15.14 seconds.
[   15.492948] cloud-init[729]: ci-info: ++++++++++++++++++++++++++++++++++++++Net device info++++++++++++++++++++++++++++++++++++++
[   15.508350] cloud-init[729]: ci-info: +--------+------+----------------------------+---------------+--------+-------------------+
[   15.512132] cloud-init[729]: ci-info: | Device |  Up  |          Address           |      Mask     | Scope  |     Hw-Address    |
[   15.516002] cloud-init[729]: ci-info: +--------+------+----------------------------+---------------+--------+-------------------+
[   15.520233] cloud-init[729]: ci-info: | enp0s3 | True |         10.0.2.15          | 255.255.255.0 | global | 02:c8:d3:21:ca:c6 |
[   15.524733] cloud-init[729]: ci-info: | enp0s3 | True | fe80::c8:d3ff:fe21:cac6/64 |       .       |  link  | 02:c8:d3:21:ca:c6 |
[   15.528758] cloud-init[729]: ci-info: |   lo   | True |         127.0.0.1          |   255.0.0.0   |  host  |         .         |
[   15.534515] cloud-init[729]: ci-info: |   lo   | True |          ::1/128           |       .       |  host  |         .         |
[   15.539191] cloud-init[729]: ci-info: +--------+------+----------------------------+---------------+--------+-------------------+
[   15.552273] cloud-init[729]: ci-info: ++++++++++++++++++++++++++++Route IPv4 info+++++++++++++++++++++++++++++
[   15.554682] cloud-init[729]: ci-info: +-------+-------------+----------+-----------------+-----------+-------+
[   15.557437] cloud-init[729]: ci-info: | Route | Destination | Gateway  |     Genmask     | Interface | Flags |
[   15.559683] cloud-init[729]: ci-info: +-------+-------------+----------+-----------------+-----------+-------+
[   15.562003] cloud-init[729]: ci-info: |   0   |   0.0.0.0   | 10.0.2.2 |     0.0.0.0     |   enp0s3  |   UG  |
[   15.564231] cloud-init[729]: ci-info: |   1   |   10.0.2.0  | 0.0.0.0  |  255.255.255.0  |   enp0s3  |   U   |
[   15.566801] cloud-init[729]: ci-info: |   2   |   10.0.2.2  | 0.0.0.0  | 255.255.255.255 |   enp0s3  |   UH  |
[   15.569205] cloud-init[729]: ci-info: +-------+-------------+----------+-----------------+-----------+-------+
[   15.571681] cloud-init[729]: ci-info: +++++++++++++++++++Route IPv6 info+++++++++++++++++++
[   15.573654] cloud-init[729]: ci-info: +-------+-------------+---------+-----------+-------+
[   15.584242] cloud-init[729]: ci-info: | Route | Destination | Gateway | Interface | Flags |
[   15.585763] cloud-init[729]: ci-info: +-------+-------------+---------+-----------+-------+
[   15.596221] cloud-init[729]: ci-info: |   1   |  fe80::/64  |    ::   |   enp0s3  |   U   |
[   15.608283] cloud-init[729]: ci-info: |   3   |    local    |    ::   |   enp0s3  |   U   |
[   15.610529] cloud-init[729]: ci-info: |   4   |   ff00::/8  |    ::   |   enp0s3  |   U   |
[   15.611866] cloud-init[729]: ci-info: +-------+-------------+---------+-----------+-------+
[[0;32m  OK  [0m] Started Initial cloud-init job (metadata service crawler).
[[0;32m  OK  [0m] Reached target Cloud-config availability.
[[0;32m  OK  [0m] Reached target Network is Online.
[[0;32m  OK  [0m] Reached target Remote File Systems (Pre).
         Starting Availability of block devices...
         Mounting /vagrant...
[[0;32m  OK  [0m] Reached target System Initialization.
[[0;32m  OK  [0m] Started Trigger to poll for Ubuntu …(Only enabled on GCP LTS non-pro).
[[0;32m  OK  [0m] Started Message of the Day.
[[0;32m  OK  [0m] Started ACPI Events Check.
[[0;32m  OK  [0m] Reached target Paths.
[[0;32m  OK  [0m] Started Ubuntu Advantage Timer for running repeated jobs.
         Starting LXD - unix socket.
         Starting Socket activation for snappy daemon.
[[0;32m  OK  [0m] Listening on cloud-init hotplug hook socket.
[[0;32m  OK  [0m] Listening on Open-iSCSI iscsid Socket.
[[0;32m  OK  [0m] Started Daily Cleanup of Temporary Directories.
[[0;32m  OK  [0m] Started Daily apt upgrade and clean activities.
[[0;32m  OK  [0m] Listening on UUID daemon activation socket.
[[0;32m  OK  [0m] Listening on ACPID Listen Socket.
[[0;32m  OK  [0m] Started Discard unused blocks once a week.
[[0;32m  OK  [0m] Reached target Timers.
[[0;32m  OK  [0m] Listening on D-Bus System Message Bus Socket.
[[0;32m  OK  [0m] Started Availability of block devices.
[[0;32m  OK  [0m] Mounted /vagrant.
[[0;32m  OK  [0m] Listening on LXD - unix socket.
[[0;32m  OK  [0m] Listening on Socket activation for snappy daemon.
[[0;32m  OK  [0m] Reached target Sockets.
[[0;32m  OK  [0m] Reached target Basic System.
         Starting Accounts Service...
         Starting Virtualbox guest utils...
[[0;32m  OK  [0m] Started FUSE filesystem for LXC.
         Starting Daily apt upgrade and clean activities...
         Starting Message of the Day...
         Starting Dispatcher daemon for systemd-networkd...
         Starting System Logging Service...
         Starting Login Service...
[[0;32m  OK  [0m] Started Deferred execution scheduler.
         Starting LXD - container startup/shutdown...
[[0;32m  OK  [0m] Started Regular background program processing daemon.
         Starting LSB: Record successful boot for GRUB...
[[0;32m  OK  [0m] Started irqbalance daemon.
         Starting OpenBSD Secure Shell server...
[[0;32m  OK  [0m] Started D-Bus System Message Bus.
[[0;32m  OK  [0m] Started Login Service.
[[0;32m  OK  [0m] Started Unattended Upgrades Shutdown.
         Starting Snap Daemon...
[[0;32m  OK  [0m] Reached target Remote File Systems.
         Starting Permit User Sessions...
         Starting LSB: automatic crash report generation...
[[0;32m  OK  [0m] Started System Logging Service.
[[0;32m  OK  [0m] Started OpenBSD Secure Shell server.
[[0;32m  OK  [0m] Started Permit User Sessions.
         Starting Terminate Plymouth Boot Screen...
         Starting Hold until boot process finishes up...
         Starting Authorization Manager...
[[0;32m  OK  [0m] Started Hold until boot process finishes up.
         Starting Set console scheme...
[[0;32m  OK  [0m] Started Serial Getty on ttyS0.
[[0;32m  OK  [0m] Started Terminate Plymouth Boot Screen.
[[0;32m  OK  [0m] Started Set console scheme.
[[0;32m  OK  [0m] Created slice system-getty.slice.
[[0;32m  OK  [0m] Started Getty on tty1.
[[0;32m  OK  [0m] Reached target Login Prompts.
[[0;32m  OK  [0m] Started Dispatcher daemon for systemd-networkd.
[[0;32m  OK  [0m] Started LSB: Record successful boot for GRUB.
[[0;32m  OK  [0m] Started LSB: automatic crash report generation.
[[0;32m  OK  [0m] Started Authorization Manager.
[[0;32m  OK  [0m] Started Accounts Service.
[[0;32m  OK  [0m] Started LXD - container startup/shutdown.
[[0;32m  OK  [0m] Started Virtualbox guest utils.
[[0;32m  OK  [0m] Started Snap Daemon.
         Starting Wait until snapd is fully seeded...
         Starting Time & Date Service...
[[0;32m  OK  [0m] Started Time & Date Service.
[[0;32m  OK  [0m] Started Wait until snapd is fully seeded.
         Starting Apply the settings specified in cloud-config...
[[0;32m  OK  [0m] Reached target Multi-User System.
[[0;32m  OK  [0m] Reached target Graphical Interface.
         Starting Update UTMP about System Runlevel Changes...
[[0;32m  OK  [0m] Started Update UTMP about System Runlevel Changes.
[[0;32m  OK  [0m] Started Message of the Day.
[[0;32m  OK  [0m] Created slice User Slice of vagrant.
         Starting User Manager for UID 1000...
[[0;32m  OK  [0m] Started Session 1 of user vagrant.
[   19.971138] cloud-init[1183]: Cloud-init v. 21.4-0ubuntu1~18.04.1 running 'modules:config' at Wed, 13 Apr 2022 05:33:10 +0000. Up 19.61 seconds.
[[0;32m  OK  [0m] Started Apply the settings specified in cloud-config.
         Starting Execute cloud user/final scripts...
[[0;32m  OK  [0m] Started User Manager for UID 1000.

Ubuntu 18.04.6 LTS ubuntu-bionic ttyS0

ubuntu-bionic login: [   24.504471] cloud-init[1315]: Cloud-init v. 21.4-0ubuntu1~18.04.1 running 'modules:final' at Wed, 13 Apr 2022 05:33:14 +0000. Up 23.56 seconds.
[   24.504625] cloud-init[1315]: Cloud-init v. 21.4-0ubuntu1~18.04.1 finished at Wed, 13 Apr 2022 05:33:15 +0000. Datasource DataSourceNoCloud [seed=/dev/sdb][dsmode=net].  Up 24.46 seconds
